<?xml version="1.0" encoding="UTF-8"?>
<testng-results ignored="0" total="1" passed="1" failed="0" skipped="0">
  <reporter-output>
  </reporter-output>
  <suite started-at="2023-04-21T22:32:15 IST" name="Default suite" finished-at="2023-04-21T22:32:21 IST" duration-ms="6236">
    <groups>
    </groups>
    <test started-at="2023-04-21T22:32:15 IST" name="Default test" finished-at="2023-04-21T22:32:21 IST" duration-ms="6236">
      <class name="A">
        <test-method signature="testAllure()[pri:0, instance:A@4b45a2f5]" started-at="2023-04-21T22:32:15 IST" name="testAllure" finished-at="2023-04-21T22:32:21 IST" duration-ms="6034" status="PASS">
          <reporter-output>
          </reporter-output>
        </test-method> <!-- testAllure -->
      </class> <!-- A -->
    </test> <!-- Default test -->
  </suite> <!-- Default suite -->
</testng-results>
